# JRE version: OpenJDK Runtime Environment (8.0_242-b01) (build 1.8.0_242-release-1644-b01)
# Java VM: OpenJDK 64-Bit Server VM (25.242-b01 mixed mode windows-amd64 compressed oops)
Heap:
 PSYoungGen      total 413184K, used 253858K [0x00000000e0000000, 0x00000000fcd80000, 0x0000000100000000)
  eden space 378368K, 57% used [0x00000000e0000000,0x00000000ed5eabe8,0x00000000f7180000)
  from space 34816K, 99% used [0x00000000f9e80000,0x00000000fc07df90,0x00000000fc080000)
  to   space 46080K, 0% used [0x00000000f7180000,0x00000000f7180000,0x00000000f9e80000)
 ParOldGen       total 220672K, used 68153K [0x00000000a0000000, 0x00000000ad780000, 0x00000000e0000000)
  object space 220672K, 30% used [0x00000000a0000000,0x00000000a428e678,0x00000000ad780000)
 Metaspace       used 85165K, capacity 88690K, committed 88752K, reserved 1128448K
  class space    used 11179K, capacity 11935K, committed 11952K, reserved 1048576K
GC Heap History (10 events):
Event: 7.894 GC heap before
{Heap before GC invocations=9 (full 2):
 PSYoungGen      total 235520K, used 222208K [0x00000000e0000000, 0x00000000ef500000, 0x0000000100000000)
  eden space 222208K, 100% used [0x00000000e0000000,0x00000000ed900000,0x00000000ed900000)
  from space 13312K, 0% used [0x00000000ee800000,0x00000000ee800000,0x00000000ef500000)
  to   space 14336K, 0% used [0x00000000ed900000,0x00000000ed900000,0x00000000ee700000)
 ParOldGen       total 142848K, used 15722K [0x00000000a0000000, 0x00000000a8b80000, 0x00000000e0000000)
  object space 142848K, 11% used [0x00000000a0000000,0x00000000a0f5a880,0x00000000a8b80000)
 Metaspace       used 50226K, capacity 52020K, committed 52144K, reserved 1093632K
  class space    used 6752K, capacity 7236K, committed 7344K, reserved 1048576K
Event: 7.923 GC heap after
Heap after GC invocations=9 (full 2):
 PSYoungGen      total 236544K, used 14332K [0x00000000e0000000, 0x00000000f6900000, 0x0000000100000000)
  eden space 222208K, 0% used [0x00000000e0000000,0x00000000e0000000,0x00000000ed900000)
  from space 14336K, 99% used [0x00000000ed900000,0x00000000ee6ff330,0x00000000ee700000)
  to   space 21504K, 0% used [0x00000000f5400000,0x00000000f5400000,0x00000000f6900000)
 ParOldGen       total 142848K, used 25971K [0x00000000a0000000, 0x00000000a8b80000, 0x00000000e0000000)
  object space 142848K, 18% used [0x00000000a0000000,0x00000000a195cf38,0x00000000a8b80000)
 Metaspace       used 50226K, capacity 52020K, committed 52144K, reserved 1093632K
  class space    used 6752K, capacity 7236K, committed 7344K, reserved 1048576K
}
Event: 9.370 GC heap before
{Heap before GC invocations=10 (full 2):
 PSYoungGen      total 236544K, used 145241K [0x00000000e0000000, 0x00000000f6900000, 0x0000000100000000)
  eden space 222208K, 58% used [0x00000000e0000000,0x00000000e7fd73c0,0x00000000ed900000)
  from space 14336K, 99% used [0x00000000ed900000,0x00000000ee6ff330,0x00000000ee700000)
  to   space 21504K, 0% used [0x00000000f5400000,0x00000000f5400000,0x00000000f6900000)
 ParOldGen       total 142848K, used 25971K [0x00000000a0000000, 0x00000000a8b80000, 0x00000000e0000000)
  object space 142848K, 18% used [0x00000000a0000000,0x00000000a195cf38,0x00000000a8b80000)
 Metaspace       used 56910K, capacity 59068K, committed 59160K, reserved 1099776K
  class space    used 7813K, capacity 8332K, committed 8368K, reserved 1048576K
Event: 9.404 GC heap after
Heap after GC invocations=10 (full 2):
 PSYoungGen      total 342528K, used 21484K [0x00000000e0000000, 0x00000000f7400000, 0x0000000100000000)
  eden space 321024K, 0% used [0x00000000e0000000,0x00000000e0000000,0x00000000f3980000)
  from space 21504K, 99% used [0x00000000f5400000,0x00000000f68fb340,0x00000000f6900000)
  to   space 27136K, 0% used [0x00000000f3980000,0x00000000f3980000,0x00000000f5400000)
 ParOldGen       total 142848K, used 31620K [0x00000000a0000000, 0x00000000a8b80000, 0x00000000e0000000)
  object space 142848K, 22% used [0x00000000a0000000,0x00000000a1ee1128,0x00000000a8b80000)
 Metaspace       used 56910K, capacity 59068K, committed 59160K, reserved 1099776K
  class space    used 7813K, capacity 8332K, committed 8368K, reserved 1048576K
}
Event: 9.404 GC heap before
{Heap before GC invocations=11 (full 3):
 PSYoungGen      total 342528K, used 21484K [0x00000000e0000000, 0x00000000f7400000, 0x0000000100000000)
  eden space 321024K, 0% used [0x00000000e0000000,0x00000000e0000000,0x00000000f3980000)
  from space 21504K, 99% used [0x00000000f5400000,0x00000000f68fb340,0x00000000f6900000)
  to   space 27136K, 0% used [0x00000000f3980000,0x00000000f3980000,0x00000000f5400000)
 ParOldGen       total 142848K, used 31620K [0x00000000a0000000, 0x00000000a8b80000, 0x00000000e0000000)
  object space 142848K, 22% used [0x00000000a0000000,0x00000000a1ee1128,0x00000000a8b80000)
 Metaspace       used 56910K, capacity 59068K, committed 59160K, reserved 1099776K
  class space    used 7813K, capacity 8332K, committed 8368K, reserved 1048576K
Event: 9.635 GC heap after
Heap after GC invocations=11 (full 3):
 PSYoungGen      total 342528K, used 0K [0x00000000e0000000, 0x00000000f7400000, 0x0000000100000000)
  eden space 321024K, 0% used [0x00000000e0000000,0x00000000e0000000,0x00000000f3980000)
  from space 21504K, 0% used [0x00000000f5400000,0x00000000f5400000,0x00000000f6900000)
  to   space 27136K, 0% used [0x00000000f3980000,0x00000000f3980000,0x00000000f5400000)
 ParOldGen       total 220672K, used 43363K [0x00000000a0000000, 0x00000000ad780000, 0x00000000e0000000)
  object space 220672K, 19% used [0x00000000a0000000,0x00000000a2a58d60,0x00000000ad780000)
 Metaspace       used 56903K, capacity 59044K, committed 59160K, reserved 1099776K
  class space    used 7811K, capacity 8328K, committed 8368K, reserved 1048576K
}
Event: 16.097 GC heap before
{Heap before GC invocations=12 (full 3):
 PSYoungGen      total 342528K, used 321024K [0x00000000e0000000, 0x00000000f7400000, 0x0000000100000000)
  eden space 321024K, 100% used [0x00000000e0000000,0x00000000f3980000,0x00000000f3980000)
  from space 21504K, 0% used [0x00000000f5400000,0x00000000f5400000,0x00000000f6900000)
  to   space 27136K, 0% used [0x00000000f3980000,0x00000000f3980000,0x00000000f5400000)
 ParOldGen       total 220672K, used 43363K [0x00000000a0000000, 0x00000000ad780000, 0x00000000e0000000)
  object space 220672K, 19% used [0x00000000a0000000,0x00000000a2a58d60,0x00000000ad780000)
 Metaspace       used 67961K, capacity 70976K, committed 71216K, reserved 1110016K
  class space    used 9295K, capacity 9970K, committed 10032K, reserved 1048576K
Event: 16.129 GC heap after
Heap after GC invocations=12 (full 3):
 PSYoungGen      total 348160K, used 27118K [0x00000000e0000000, 0x00000000fc080000, 0x0000000100000000)
  eden space 321024K, 0% used [0x00000000e0000000,0x00000000e0000000,0x00000000f3980000)
  from space 27136K, 99% used [0x00000000f3980000,0x00000000f53fb978,0x00000000f5400000)
  to   space 34816K, 0% used [0x00000000f9e80000,0x00000000f9e80000,0x00000000fc080000)
 ParOldGen       total 220672K, used 51817K [0x00000000a0000000, 0x00000000ad780000, 0x00000000e0000000)
  object space 220672K, 23% used [0x00000000a0000000,0x00000000a329a690,0x00000000ad780000)
 Metaspace       used 67961K, capacity 70976K, committed 71216K, reserved 1110016K
  class space    used 9295K, capacity 9970K, committed 10032K, reserved 1048576K
}
Event: 24.898 GC heap before
{Heap before GC invocations=13 (full 3):
 PSYoungGen      total 348160K, used 348142K [0x00000000e0000000, 0x00000000fc080000, 0x0000000100000000)
  eden space 321024K, 100% used [0x00000000e0000000,0x00000000f3980000,0x00000000f3980000)
  from space 27136K, 99% used [0x00000000f3980000,0x00000000f53fb978,0x00000000f5400000)
  to   space 34816K, 0% used [0x00000000f9e80000,0x00000000f9e80000,0x00000000fc080000)
 ParOldGen       total 220672K, used 51817K [0x00000000a0000000, 0x00000000ad780000, 0x00000000e0000000)
  object space 220672K, 23% used [0x00000000a0000000,0x00000000a329a690,0x00000000ad780000)
 Metaspace       used 75692K, capacity 78932K, committed 79280K, reserved 1118208K
  class space    used 10129K, capacity 10824K, committed 10928K, reserved 1048576K
Event: 24.937 GC heap after
Heap after GC invocations=13 (full 3):
 PSYoungGen      total 413184K, used 34807K [0x00000000e0000000, 0x00000000fcd80000, 0x0000000100000000)
  eden space 378368K, 0% used [0x00000000e0000000,0x00000000e0000000,0x00000000f7180000)
  from space 34816K, 99% used [0x00000000f9e80000,0x00000000fc07df90,0x00000000fc080000)
  to   space 46080K, 0% used [0x00000000f7180000,0x00000000f7180000,0x00000000f9e80000)
 ParOldGen       total 220672K, used 68153K [0x00000000a0000000, 0x00000000ad780000, 0x00000000e0000000)
  object space 220672K, 30% used [0x00000000a0000000,0x00000000a428e678,0x00000000ad780000)
 Metaspace       used 75692K, capacity 78932K, committed 79280K, reserved 1118208K
  class space    used 10129K, capacity 10824K, committed 10928K, reserved 1048576K
}

