# JRE version: OpenJDK Runtime Environment (8.0_212-b04) (build 1.8.0_212-release-1586-b04)
# Java VM: OpenJDK 64-Bit Server VM (25.212-b04 mixed mode windows-amd64 compressed oops)
Heap:
 PSYoungGen      total 326656K, used 193778K [0x00000000e0000000, 0x00000000f9580000, 0x0000000100000000)
  eden space 267264K, 72% used [0x00000000e0000000,0x00000000ebd3c850,0x00000000f0500000)
  from space 59392K, 0% used [0x00000000f5b80000,0x00000000f5b80000,0x00000000f9580000)
  to   space 59904K, 0% used [0x00000000f0500000,0x00000000f0500000,0x00000000f3f80000)
 ParOldGen       total 219136K, used 85432K [0x00000000a0000000, 0x00000000ad600000, 0x00000000e0000000)
  object space 219136K, 38% used [0x00000000a0000000,0x00000000a536e0f8,0x00000000ad600000)
 Metaspace       used 129866K, capacity 135482K, committed 135616K, reserved 1169408K
  class space    used 15974K, capacity 17317K, committed 17408K, reserved 1048576K
GC Heap History (10 events):
Event: 233.597 GC heap before
{Heap before GC invocations=23 (full 4):
 PSYoungGen      total 291840K, used 281383K [0x00000000e0000000, 0x00000000f4380000, 0x0000000100000000)
  eden space 260608K, 100% used [0x00000000e0000000,0x00000000efe80000,0x00000000efe80000)
  from space 31232K, 66% used [0x00000000f2500000,0x00000000f3949d30,0x00000000f4380000)
  to   space 35328K, 0% used [0x00000000efe80000,0x00000000efe80000,0x00000000f2100000)
 ParOldGen       total 219136K, used 63485K [0x00000000a0000000, 0x00000000ad600000, 0x00000000e0000000)
  object space 219136K, 28% used [0x00000000a0000000,0x00000000a3dff518,0x00000000ad600000)
 Metaspace       used 116150K, capacity 121326K, committed 121536K, reserved 1155072K
  class space    used 14599K, capacity 15765K, committed 15872K, reserved 1048576K
Event: 233.632 GC heap after
Heap after GC invocations=23 (full 4):
 PSYoungGen      total 295936K, used 35302K [0x00000000e0000000, 0x00000000f6980000, 0x0000000100000000)
  eden space 260608K, 0% used [0x00000000e0000000,0x00000000e0000000,0x00000000efe80000)
  from space 35328K, 99% used [0x00000000efe80000,0x00000000f20f9bb8,0x00000000f2100000)
  to   space 43008K, 0% used [0x00000000f3f80000,0x00000000f3f80000,0x00000000f6980000)
 ParOldGen       total 219136K, used 68305K [0x00000000a0000000, 0x00000000ad600000, 0x00000000e0000000)
  object space 219136K, 31% used [0x00000000a0000000,0x00000000a42b4728,0x00000000ad600000)
 Metaspace       used 116150K, capacity 121326K, committed 121536K, reserved 1155072K
  class space    used 14599K, capacity 15765K, committed 15872K, reserved 1048576K
}
Event: 235.709 GC heap before
{Heap before GC invocations=24 (full 4):
 PSYoungGen      total 295936K, used 295910K [0x00000000e0000000, 0x00000000f6980000, 0x0000000100000000)
  eden space 260608K, 100% used [0x00000000e0000000,0x00000000efe80000,0x00000000efe80000)
  from space 35328K, 99% used [0x00000000efe80000,0x00000000f20f9bb8,0x00000000f2100000)
  to   space 43008K, 0% used [0x00000000f3f80000,0x00000000f3f80000,0x00000000f6980000)
 ParOldGen       total 219136K, used 68305K [0x00000000a0000000, 0x00000000ad600000, 0x00000000e0000000)
  object space 219136K, 31% used [0x00000000a0000000,0x00000000a42b4728,0x00000000ad600000)
 Metaspace       used 119008K, capacity 124242K, committed 124608K, reserved 1157120K
  class space    used 14855K, capacity 16001K, committed 16128K, reserved 1048576K
Event: 235.771 GC heap after
Heap after GC invocations=24 (full 4):
 PSYoungGen      total 310272K, used 42987K [0x00000000e0000000, 0x00000000f9580000, 0x0000000100000000)
  eden space 267264K, 0% used [0x00000000e0000000,0x00000000e0000000,0x00000000f0500000)
  from space 43008K, 99% used [0x00000000f3f80000,0x00000000f697ad48,0x00000000f6980000)
  to   space 59904K, 0% used [0x00000000f0500000,0x00000000f0500000,0x00000000f3f80000)
 ParOldGen       total 219136K, used 94046K [0x00000000a0000000, 0x00000000ad600000, 0x00000000e0000000)
  object space 219136K, 42% used [0x00000000a0000000,0x00000000a5bd7b48,0x00000000ad600000)
 Metaspace       used 119008K, capacity 124242K, committed 124608K, reserved 1157120K
  class space    used 14855K, capacity 16001K, committed 16128K, reserved 1048576K
}
Event: 776.647 GC heap before
{Heap before GC invocations=25 (full 4):
 PSYoungGen      total 310272K, used 310251K [0x00000000e0000000, 0x00000000f9580000, 0x0000000100000000)
  eden space 267264K, 100% used [0x00000000e0000000,0x00000000f0500000,0x00000000f0500000)
  from space 43008K, 99% used [0x00000000f3f80000,0x00000000f697ad48,0x00000000f6980000)
  to   space 59904K, 0% used [0x00000000f0500000,0x00000000f0500000,0x00000000f3f80000)
 ParOldGen       total 219136K, used 94046K [0x00000000a0000000, 0x00000000ad600000, 0x00000000e0000000)
  object space 219136K, 42% used [0x00000000a0000000,0x00000000a5bd7b48,0x00000000ad600000)
 Metaspace       used 119714K, capacity 125140K, committed 125376K, reserved 1159168K
  class space    used 14899K, capacity 16080K, committed 16128K, reserved 1048576K
Event: 776.713 GC heap after
Heap after GC invocations=25 (full 4):
 PSYoungGen      total 327168K, used 29914K [0x00000000e0000000, 0x00000000f9580000, 0x0000000100000000)
  eden space 267264K, 0% used [0x00000000e0000000,0x00000000e0000000,0x00000000f0500000)
  from space 59904K, 49% used [0x00000000f0500000,0x00000000f2236898,0x00000000f3f80000)
  to   space 59392K, 0% used [0x00000000f5b80000,0x00000000f5b80000,0x00000000f9580000)
 ParOldGen       total 219136K, used 101528K [0x00000000a0000000, 0x00000000ad600000, 0x00000000e0000000)
  object space 219136K, 46% used [0x00000000a0000000,0x00000000a63260c0,0x00000000ad600000)
 Metaspace       used 119714K, capacity 125140K, committed 125376K, reserved 1159168K
  class space    used 14899K, capacity 16080K, committed 16128K, reserved 1048576K
}
Event: 780.756 GC heap before
{Heap before GC invocations=26 (full 4):
 PSYoungGen      total 327168K, used 185469K [0x00000000e0000000, 0x00000000f9580000, 0x0000000100000000)
  eden space 267264K, 58% used [0x00000000e0000000,0x00000000e97e8e80,0x00000000f0500000)
  from space 59904K, 49% used [0x00000000f0500000,0x00000000f2236898,0x00000000f3f80000)
  to   space 59392K, 0% used [0x00000000f5b80000,0x00000000f5b80000,0x00000000f9580000)
 ParOldGen       total 219136K, used 101528K [0x00000000a0000000, 0x00000000ad600000, 0x00000000e0000000)
  object space 219136K, 46% used [0x00000000a0000000,0x00000000a63260c0,0x00000000ad600000)
 Metaspace       used 124013K, capacity 129420K, committed 129472K, reserved 1169408K
  class space    used 15346K, capacity 16604K, committed 16640K, reserved 1048576K
Event: 780.816 GC heap after
Heap after GC invocations=26 (full 4):
 PSYoungGen      total 326656K, used 40762K [0x00000000e0000000, 0x00000000f9580000, 0x0000000100000000)
  eden space 267264K, 0% used [0x00000000e0000000,0x00000000e0000000,0x00000000f0500000)
  from space 59392K, 68% used [0x00000000f5b80000,0x00000000f834eb10,0x00000000f9580000)
  to   space 59904K, 0% used [0x00000000f0500000,0x00000000f0500000,0x00000000f3f80000)
 ParOldGen       total 219136K, used 101536K [0x00000000a0000000, 0x00000000ad600000, 0x00000000e0000000)
  object space 219136K, 46% used [0x00000000a0000000,0x00000000a63280c0,0x00000000ad600000)
 Metaspace       used 124013K, capacity 129420K, committed 129472K, reserved 1169408K
  class space    used 15346K, capacity 16604K, committed 16640K, reserved 1048576K
}
Event: 780.816 GC heap before
{Heap before GC invocations=27 (full 5):
 PSYoungGen      total 326656K, used 40762K [0x00000000e0000000, 0x00000000f9580000, 0x0000000100000000)
  eden space 267264K, 0% used [0x00000000e0000000,0x00000000e0000000,0x00000000f0500000)
  from space 59392K, 68% used [0x00000000f5b80000,0x00000000f834eb10,0x00000000f9580000)
  to   space 59904K, 0% used [0x00000000f0500000,0x00000000f0500000,0x00000000f3f80000)
 ParOldGen       total 219136K, used 101536K [0x00000000a0000000, 0x00000000ad600000, 0x00000000e0000000)
  object space 219136K, 46% used [0x00000000a0000000,0x00000000a63280c0,0x00000000ad600000)
 Metaspace       used 124013K, capacity 129420K, committed 129472K, reserved 1169408K
  class space    used 15346K, capacity 16604K, committed 16640K, reserved 1048576K
Event: 781.295 GC heap after
Heap after GC invocations=27 (full 5):
 PSYoungGen      total 326656K, used 0K [0x00000000e0000000, 0x00000000f9580000, 0x0000000100000000)
  eden space 267264K, 0% used [0x00000000e0000000,0x00000000e0000000,0x00000000f0500000)
  from space 59392K, 0% used [0x00000000f5b80000,0x00000000f5b80000,0x00000000f9580000)
  to   space 59904K, 0% used [0x00000000f0500000,0x00000000f0500000,0x00000000f3f80000)
 ParOldGen       total 219136K, used 85432K [0x00000000a0000000, 0x00000000ad600000, 0x00000000e0000000)
  object space 219136K, 38% used [0x00000000a0000000,0x00000000a536e0f8,0x00000000ad600000)
 Metaspace       used 123998K, capacity 129380K, committed 129472K, reserved 1165312K
  class space    used 15341K, capacity 16594K, committed 16640K, reserved 1048576K
}

