# JRE version: OpenJDK Runtime Environment (8.0_212-b04) (build 1.8.0_212-release-1586-b04)
# Java VM: OpenJDK 64-Bit Server VM (25.212-b04 mixed mode windows-amd64 compressed oops)
Heap:
 PSYoungGen      total 461824K, used 356404K [0x00000000e0000000, 0x0000000100000000, 0x0000000100000000)
  eden space 425984K, 75% used [0x00000000e0000000,0x00000000f3b923d0,0x00000000fa000000)
  from space 35840K, 92% used [0x00000000fdd00000,0x00000000ffd7ade0,0x0000000100000000)
  to   space 49152K, 0% used [0x00000000fa000000,0x00000000fa000000,0x00000000fd000000)
 ParOldGen       total 190976K, used 79265K [0x00000000a0000000, 0x00000000aba80000, 0x00000000e0000000)
  object space 190976K, 41% used [0x00000000a0000000,0x00000000a4d68598,0x00000000aba80000)
 Metaspace       used 112315K, capacity 117928K, committed 118016K, reserved 1150976K
  class space    used 14904K, capacity 16091K, committed 16128K, reserved 1048576K
GC Heap History (10 events):
Event: 14.464 GC heap before
{Heap before GC invocations=12 (full 3):
 PSYoungGen      total 452096K, used 23242K [0x00000000e0000000, 0x0000000100000000, 0x0000000100000000)
  eden space 427520K, 0% used [0x00000000e0000000,0x00000000e0000000,0x00000000fa180000)
  from space 24576K, 94% used [0x00000000fa180000,0x00000000fb832800,0x00000000fb980000)
  to   space 28160K, 0% used [0x00000000fe480000,0x00000000fe480000,0x0000000100000000)
 ParOldGen       total 81408K, used 30254K [0x00000000a0000000, 0x00000000a4f80000, 0x00000000e0000000)
  object space 81408K, 37% used [0x00000000a0000000,0x00000000a1d8ba10,0x00000000a4f80000)
 Metaspace       used 57028K, capacity 59124K, committed 59136K, reserved 1099776K
  class space    used 7957K, capacity 8442K, committed 8448K, reserved 1048576K
Event: 14.738 GC heap after
Heap after GC invocations=12 (full 3):
 PSYoungGen      total 452096K, used 0K [0x00000000e0000000, 0x0000000100000000, 0x0000000100000000)
  eden space 427520K, 0% used [0x00000000e0000000,0x00000000e0000000,0x00000000fa180000)
  from space 24576K, 0% used [0x00000000fa180000,0x00000000fa180000,0x00000000fb980000)
  to   space 28160K, 0% used [0x00000000fe480000,0x00000000fe480000,0x0000000100000000)
 ParOldGen       total 121344K, used 38683K [0x00000000a0000000, 0x00000000a7680000, 0x00000000e0000000)
  object space 121344K, 31% used [0x00000000a0000000,0x00000000a25c6ea0,0x00000000a7680000)
 Metaspace       used 57015K, capacity 59082K, committed 59136K, reserved 1099776K
  class space    used 7953K, capacity 8435K, committed 8448K, reserved 1048576K
}
Event: 38.092 GC heap before
{Heap before GC invocations=13 (full 3):
 PSYoungGen      total 452096K, used 427520K [0x00000000e0000000, 0x0000000100000000, 0x0000000100000000)
  eden space 427520K, 100% used [0x00000000e0000000,0x00000000fa180000,0x00000000fa180000)
  from space 24576K, 0% used [0x00000000fa180000,0x00000000fa180000,0x00000000fb980000)
  to   space 28160K, 0% used [0x00000000fe480000,0x00000000fe480000,0x0000000100000000)
 ParOldGen       total 121344K, used 38683K [0x00000000a0000000, 0x00000000a7680000, 0x00000000e0000000)
  object space 121344K, 31% used [0x00000000a0000000,0x00000000a25c6ea0,0x00000000a7680000)
 Metaspace       used 78930K, capacity 82360K, committed 82560K, reserved 1120256K
  class space    used 10548K, capacity 11303K, committed 11392K, reserved 1048576K
Event: 38.165 GC heap after
Heap after GC invocations=13 (full 3):
 PSYoungGen      total 480768K, used 28154K [0x00000000e0000000, 0x0000000100000000, 0x0000000100000000)
  eden space 452608K, 0% used [0x00000000e0000000,0x00000000e0000000,0x00000000fba00000)
  from space 28160K, 99% used [0x00000000fe480000,0x00000000ffffeb10,0x0000000100000000)
  to   space 35840K, 0% used [0x00000000fba00000,0x00000000fba00000,0x00000000fdd00000)
 ParOldGen       total 121344K, used 47663K [0x00000000a0000000, 0x00000000a7680000, 0x00000000e0000000)
  object space 121344K, 39% used [0x00000000a0000000,0x00000000a2e8bd20,0x00000000a7680000)
 Metaspace       used 78930K, capacity 82360K, committed 82560K, reserved 1120256K
  class space    used 10548K, capacity 11303K, committed 11392K, reserved 1048576K
}
Event: 44.773 GC heap before
{Heap before GC invocations=14 (full 3):
 PSYoungGen      total 480768K, used 294410K [0x00000000e0000000, 0x0000000100000000, 0x0000000100000000)
  eden space 452608K, 58% used [0x00000000e0000000,0x00000000f0403e38,0x00000000fba00000)
  from space 28160K, 99% used [0x00000000fe480000,0x00000000ffffeb10,0x0000000100000000)
  to   space 35840K, 0% used [0x00000000fba00000,0x00000000fba00000,0x00000000fdd00000)
 ParOldGen       total 121344K, used 47663K [0x00000000a0000000, 0x00000000a7680000, 0x00000000e0000000)
  object space 121344K, 39% used [0x00000000a0000000,0x00000000a2e8bd20,0x00000000a7680000)
 Metaspace       used 94134K, capacity 98346K, committed 98560K, reserved 1134592K
  class space    used 12676K, capacity 13558K, committed 13568K, reserved 1048576K
Event: 44.808 GC heap after
Heap after GC invocations=14 (full 3):
 PSYoungGen      total 488448K, used 35830K [0x00000000e0000000, 0x0000000100000000, 0x0000000100000000)
  eden space 452608K, 0% used [0x00000000e0000000,0x00000000e0000000,0x00000000fba00000)
  from space 35840K, 99% used [0x00000000fba00000,0x00000000fdcfdad8,0x00000000fdd00000)
  to   space 35840K, 0% used [0x00000000fdd00000,0x00000000fdd00000,0x0000000100000000)
 ParOldGen       total 121344K, used 61503K [0x00000000a0000000, 0x00000000a7680000, 0x00000000e0000000)
  object space 121344K, 50% used [0x00000000a0000000,0x00000000a3c0fd38,0x00000000a7680000)
 Metaspace       used 94134K, capacity 98346K, committed 98560K, reserved 1134592K
  class space    used 12676K, capacity 13558K, committed 13568K, reserved 1048576K
}
Event: 44.808 GC heap before
{Heap before GC invocations=15 (full 4):
 PSYoungGen      total 488448K, used 35830K [0x00000000e0000000, 0x0000000100000000, 0x0000000100000000)
  eden space 452608K, 0% used [0x00000000e0000000,0x00000000e0000000,0x00000000fba00000)
  from space 35840K, 99% used [0x00000000fba00000,0x00000000fdcfdad8,0x00000000fdd00000)
  to   space 35840K, 0% used [0x00000000fdd00000,0x00000000fdd00000,0x0000000100000000)
 ParOldGen       total 121344K, used 61503K [0x00000000a0000000, 0x00000000a7680000, 0x00000000e0000000)
  object space 121344K, 50% used [0x00000000a0000000,0x00000000a3c0fd38,0x00000000a7680000)
 Metaspace       used 94134K, capacity 98346K, committed 98560K, reserved 1134592K
  class space    used 12676K, capacity 13558K, committed 13568K, reserved 1048576K
Event: 45.028 GC heap after
Heap after GC invocations=15 (full 4):
 PSYoungGen      total 488448K, used 0K [0x00000000e0000000, 0x0000000100000000, 0x0000000100000000)
  eden space 452608K, 0% used [0x00000000e0000000,0x00000000e0000000,0x00000000fba00000)
  from space 35840K, 0% used [0x00000000fba00000,0x00000000fba00000,0x00000000fdd00000)
  to   space 35840K, 0% used [0x00000000fdd00000,0x00000000fdd00000,0x0000000100000000)
 ParOldGen       total 190976K, used 79257K [0x00000000a0000000, 0x00000000aba80000, 0x00000000e0000000)
  object space 190976K, 41% used [0x00000000a0000000,0x00000000a4d66598,0x00000000aba80000)
 Metaspace       used 93986K, capacity 97912K, committed 98560K, reserved 1134592K
  class space    used 12629K, capacity 13480K, committed 13568K, reserved 1048576K
}
Event: 102.671 GC heap before
{Heap before GC invocations=16 (full 4):
 PSYoungGen      total 488448K, used 452608K [0x00000000e0000000, 0x0000000100000000, 0x0000000100000000)
  eden space 452608K, 100% used [0x00000000e0000000,0x00000000fba00000,0x00000000fba00000)
  from space 35840K, 0% used [0x00000000fba00000,0x00000000fba00000,0x00000000fdd00000)
  to   space 35840K, 0% used [0x00000000fdd00000,0x00000000fdd00000,0x0000000100000000)
 ParOldGen       total 190976K, used 79257K [0x00000000a0000000, 0x00000000aba80000, 0x00000000e0000000)
  object space 190976K, 41% used [0x00000000a0000000,0x00000000a4d66598,0x00000000aba80000)
 Metaspace       used 99200K, capacity 103574K, committed 103680K, reserved 1138688K
  class space    used 13023K, capacity 13990K, committed 14080K, reserved 1048576K
Event: 102.720 GC heap after
Heap after GC invocations=16 (full 4):
 PSYoungGen      total 461824K, used 33259K [0x00000000e0000000, 0x0000000100000000, 0x0000000100000000)
  eden space 425984K, 0% used [0x00000000e0000000,0x00000000e0000000,0x00000000fa000000)
  from space 35840K, 92% used [0x00000000fdd00000,0x00000000ffd7ade0,0x0000000100000000)
  to   space 49152K, 0% used [0x00000000fa000000,0x00000000fa000000,0x00000000fd000000)
 ParOldGen       total 190976K, used 79265K [0x00000000a0000000, 0x00000000aba80000, 0x00000000e0000000)
  object space 190976K, 41% used [0x00000000a0000000,0x00000000a4d68598,0x00000000aba80000)
 Metaspace       used 99200K, capacity 103574K, committed 103680K, reserved 1138688K
  class space    used 13023K, capacity 13990K, committed 14080K, reserved 1048576K
}

