# JRE version: OpenJDK Runtime Environment (8.0_212-b04) (build 1.8.0_212-release-1586-b04)
# Java VM: OpenJDK 64-Bit Server VM (25.212-b04 mixed mode windows-amd64 compressed oops)
Heap:
 PSYoungGen      total 200704K, used 54265K [0x00000000e0000000, 0x00000000eda00000, 0x0000000100000000)
  eden space 184832K, 20% used [0x00000000e0000000,0x00000000e257f148,0x00000000eb480000)
  from space 15872K, 99% used [0x00000000eb480000,0x00000000ec3ff608,0x00000000ec400000)
  to   space 16896K, 0% used [0x00000000ec400000,0x00000000ec400000,0x00000000ed480000)
 ParOldGen       total 139264K, used 47346K [0x00000000a0000000, 0x00000000a8800000, 0x00000000e0000000)
  object space 139264K, 33% used [0x00000000a0000000,0x00000000a2e3c828,0x00000000a8800000)
 Metaspace       used 62360K, capacity 64896K, committed 64984K, reserved 1105920K
  class space    used 8607K, capacity 9200K, committed 9216K, reserved 1048576K
GC Heap History (10 events):
Event: 7.013 GC heap before
{Heap before GC invocations=12 (full 2):
 PSYoungGen      total 119808K, used 108032K [0x00000000e0000000, 0x00000000ead00000, 0x0000000100000000)
  eden space 108032K, 100% used [0x00000000e0000000,0x00000000e6980000,0x00000000e6980000)
  from space 11776K, 0% used [0x00000000e6980000,0x00000000e6980000,0x00000000e7500000)
  to   space 12800K, 0% used [0x00000000ea080000,0x00000000ea080000,0x00000000ead00000)
 ParOldGen       total 89088K, used 17973K [0x00000000a0000000, 0x00000000a5700000, 0x00000000e0000000)
  object space 89088K, 20% used [0x00000000a0000000,0x00000000a118d420,0x00000000a5700000)
 Metaspace       used 45288K, capacity 46436K, committed 46592K, reserved 1089536K
  class space    used 6080K, capacity 6382K, committed 6400K, reserved 1048576K
Event: 7.026 GC heap after
Heap after GC invocations=12 (full 2):
 PSYoungGen      total 152576K, used 12777K [0x00000000e0000000, 0x00000000ead00000, 0x0000000100000000)
  eden space 139776K, 0% used [0x00000000e0000000,0x00000000e0000000,0x00000000e8880000)
  from space 12800K, 99% used [0x00000000ea080000,0x00000000eacfa4b0,0x00000000ead00000)
  to   space 15360K, 0% used [0x00000000e8f00000,0x00000000e8f00000,0x00000000e9e00000)
 ParOldGen       total 89088K, used 20375K [0x00000000a0000000, 0x00000000a5700000, 0x00000000e0000000)
  object space 89088K, 22% used [0x00000000a0000000,0x00000000a13e5c70,0x00000000a5700000)
 Metaspace       used 45288K, capacity 46436K, committed 46592K, reserved 1089536K
  class space    used 6080K, capacity 6382K, committed 6400K, reserved 1048576K
}
Event: 8.773 GC heap before
{Heap before GC invocations=13 (full 2):
 PSYoungGen      total 152576K, used 152553K [0x00000000e0000000, 0x00000000ead00000, 0x0000000100000000)
  eden space 139776K, 100% used [0x00000000e0000000,0x00000000e8880000,0x00000000e8880000)
  from space 12800K, 99% used [0x00000000ea080000,0x00000000eacfa4b0,0x00000000ead00000)
  to   space 15360K, 0% used [0x00000000e8f00000,0x00000000e8f00000,0x00000000e9e00000)
 ParOldGen       total 89088K, used 20375K [0x00000000a0000000, 0x00000000a5700000, 0x00000000e0000000)
  object space 89088K, 22% used [0x00000000a0000000,0x00000000a13e5c70,0x00000000a5700000)
 Metaspace       used 52850K, capacity 54602K, committed 54656K, reserved 1095680K
  class space    used 7280K, capacity 7759K, committed 7808K, reserved 1048576K
Event: 8.825 GC heap after
Heap after GC invocations=13 (full 2):
 PSYoungGen      total 161792K, used 13991K [0x00000000e0000000, 0x00000000ed480000, 0x0000000100000000)
  eden space 146432K, 0% used [0x00000000e0000000,0x00000000e0000000,0x00000000e8f00000)
  from space 15360K, 91% used [0x00000000e8f00000,0x00000000e9ca9eb0,0x00000000e9e00000)
  to   space 16896K, 0% used [0x00000000ec400000,0x00000000ec400000,0x00000000ed480000)
 ParOldGen       total 89088K, used 26458K [0x00000000a0000000, 0x00000000a5700000, 0x00000000e0000000)
  object space 89088K, 29% used [0x00000000a0000000,0x00000000a19d6a48,0x00000000a5700000)
 Metaspace       used 52850K, capacity 54602K, committed 54656K, reserved 1095680K
  class space    used 7280K, capacity 7759K, committed 7808K, reserved 1048576K
}
Event: 10.097 GC heap before
{Heap before GC invocations=14 (full 2):
 PSYoungGen      total 161792K, used 98739K [0x00000000e0000000, 0x00000000ed480000, 0x0000000100000000)
  eden space 146432K, 57% used [0x00000000e0000000,0x00000000e52c30b8,0x00000000e8f00000)
  from space 15360K, 91% used [0x00000000e8f00000,0x00000000e9ca9eb0,0x00000000e9e00000)
  to   space 16896K, 0% used [0x00000000ec400000,0x00000000ec400000,0x00000000ed480000)
 ParOldGen       total 89088K, used 26458K [0x00000000a0000000, 0x00000000a5700000, 0x00000000e0000000)
  object space 89088K, 29% used [0x00000000a0000000,0x00000000a19d6a48,0x00000000a5700000)
 Metaspace       used 57093K, capacity 59030K, committed 59096K, reserved 1099776K
  class space    used 7907K, capacity 8413K, committed 8448K, reserved 1048576K
Event: 10.117 GC heap after
Heap after GC invocations=14 (full 2):
 PSYoungGen      total 201728K, used 8152K [0x00000000e0000000, 0x00000000eda00000, 0x0000000100000000)
  eden space 184832K, 0% used [0x00000000e0000000,0x00000000e0000000,0x00000000eb480000)
  from space 16896K, 48% used [0x00000000ec400000,0x00000000ecbf62f0,0x00000000ed480000)
  to   space 15872K, 0% used [0x00000000eb480000,0x00000000eb480000,0x00000000ec400000)
 ParOldGen       total 89088K, used 36258K [0x00000000a0000000, 0x00000000a5700000, 0x00000000e0000000)
  object space 89088K, 40% used [0x00000000a0000000,0x00000000a2368858,0x00000000a5700000)
 Metaspace       used 57093K, capacity 59030K, committed 59096K, reserved 1099776K
  class space    used 7907K, capacity 8413K, committed 8448K, reserved 1048576K
}
Event: 10.117 GC heap before
{Heap before GC invocations=15 (full 3):
 PSYoungGen      total 201728K, used 8152K [0x00000000e0000000, 0x00000000eda00000, 0x0000000100000000)
  eden space 184832K, 0% used [0x00000000e0000000,0x00000000e0000000,0x00000000eb480000)
  from space 16896K, 48% used [0x00000000ec400000,0x00000000ecbf62f0,0x00000000ed480000)
  to   space 15872K, 0% used [0x00000000eb480000,0x00000000eb480000,0x00000000ec400000)
 ParOldGen       total 89088K, used 36258K [0x00000000a0000000, 0x00000000a5700000, 0x00000000e0000000)
  object space 89088K, 40% used [0x00000000a0000000,0x00000000a2368858,0x00000000a5700000)
 Metaspace       used 57093K, capacity 59030K, committed 59096K, reserved 1099776K
  class space    used 7907K, capacity 8413K, committed 8448K, reserved 1048576K
Event: 10.365 GC heap after
Heap after GC invocations=15 (full 3):
 PSYoungGen      total 201728K, used 0K [0x00000000e0000000, 0x00000000eda00000, 0x0000000100000000)
  eden space 184832K, 0% used [0x00000000e0000000,0x00000000e0000000,0x00000000eb480000)
  from space 16896K, 0% used [0x00000000ec400000,0x00000000ec400000,0x00000000ed480000)
  to   space 15872K, 0% used [0x00000000eb480000,0x00000000eb480000,0x00000000ec400000)
 ParOldGen       total 139264K, used 38449K [0x00000000a0000000, 0x00000000a8800000, 0x00000000e0000000)
  object space 139264K, 27% used [0x00000000a0000000,0x00000000a258c418,0x00000000a8800000)
 Metaspace       used 57093K, capacity 59030K, committed 59096K, reserved 1099776K
  class space    used 7907K, capacity 8413K, committed 8448K, reserved 1048576K
}
Event: 13.202 GC heap before
{Heap before GC invocations=16 (full 3):
 PSYoungGen      total 201728K, used 184832K [0x00000000e0000000, 0x00000000eda00000, 0x0000000100000000)
  eden space 184832K, 100% used [0x00000000e0000000,0x00000000eb480000,0x00000000eb480000)
  from space 16896K, 0% used [0x00000000ec400000,0x00000000ec400000,0x00000000ed480000)
  to   space 15872K, 0% used [0x00000000eb480000,0x00000000eb480000,0x00000000ec400000)
 ParOldGen       total 139264K, used 38449K [0x00000000a0000000, 0x00000000a8800000, 0x00000000e0000000)
  object space 139264K, 27% used [0x00000000a0000000,0x00000000a258c418,0x00000000a8800000)
 Metaspace       used 61527K, capacity 63886K, committed 64088K, reserved 1103872K
  class space    used 8511K, capacity 9027K, committed 9088K, reserved 1048576K
Event: 13.248 GC heap after
Heap after GC invocations=16 (full 3):
 PSYoungGen      total 200704K, used 15869K [0x00000000e0000000, 0x00000000eda00000, 0x0000000100000000)
  eden space 184832K, 0% used [0x00000000e0000000,0x00000000e0000000,0x00000000eb480000)
  from space 15872K, 99% used [0x00000000eb480000,0x00000000ec3ff608,0x00000000ec400000)
  to   space 16896K, 0% used [0x00000000ec400000,0x00000000ec400000,0x00000000ed480000)
 ParOldGen       total 139264K, used 47346K [0x00000000a0000000, 0x00000000a8800000, 0x00000000e0000000)
  object space 139264K, 33% used [0x00000000a0000000,0x00000000a2e3c828,0x00000000a8800000)
 Metaspace       used 61527K, capacity 63886K, committed 64088K, reserved 1103872K
  class space    used 8511K, capacity 9027K, committed 9088K, reserved 1048576K
}

